The system is: Linux - 3.10.0-1160.88.1.el7.x86_64 - x86_64
Compiling the C compiler identification source file "CMakeCCompilerId.c" succeeded.
Compiler: /apps/compilers/gcc/7.3.0/bin/gcc 
Build flags: 
Id flags:  

The output was:
0


Compilation of the C compiler identification source "CMakeCCompilerId.c" produced "a.out"

The C compiler identification is GNU, found in "/home/ericfonseca/opensim-workspace/opensim-core-source/OpenSim/CMakeFiles/3.21.3/CompilerIdC/a.out"

Compiling the CXX compiler identification source file "CMakeCXXCompilerId.cpp" succeeded.
Compiler: /apps/compilers/gcc/7.3.0/bin/g++ 
Build flags: 
Id flags:  

The output was:
0


Compilation of the CXX compiler identification source "CMakeCXXCompilerId.cpp" produced "a.out"

The CXX compiler identification is GNU, found in "/home/ericfonseca/opensim-workspace/opensim-core-source/OpenSim/CMakeFiles/3.21.3/CompilerIdCXX/a.out"

Detecting C compiler ABI info compiled with the following output:
Change Dir: /home/ericfonseca/opensim-workspace/opensim-core-source/OpenSim/CMakeFiles/CMakeTmp

Run Build Command(s):/usr/bin/gmake -f Makefile cmTC_60206/fast && /usr/bin/gmake  -f CMakeFiles/cmTC_60206.dir/build.make CMakeFiles/cmTC_60206.dir/build
gmake[1]: Entering directory `/home/ericfonseca/opensim-workspace/opensim-core-source/OpenSim/CMakeFiles/CMakeTmp'
Building C object CMakeFiles/cmTC_60206.dir/CMakeCCompilerABI.c.o
/apps/compilers/gcc/7.3.0/bin/gcc   -v -o CMakeFiles/cmTC_60206.dir/CMakeCCompilerABI.c.o -c /apps/cmake/3.21.3/share/cmake-3.21/Modules/CMakeCCompilerABI.c
Using built-in specs.
COLLECT_GCC=/apps/compilers/gcc/7.3.0/bin/gcc
Target: x86_64-pc-linux-gnu
Configured with: ../configure --prefix=/apps/compilers/gcc/7.3.0 --enable-languages=c,c++,fortran,go --disable-multilib
Thread model: posix
gcc version 7.3.0 (GCC) 
COLLECT_GCC_OPTIONS='-v' '-o' 'CMakeFiles/cmTC_60206.dir/CMakeCCompilerABI.c.o' '-c' '-mtune=generic' '-march=x86-64'
 /apps/compilers/gcc/7.3.0/libexec/gcc/x86_64-pc-linux-gnu/7.3.0/cc1 -quiet -v /apps/cmake/3.21.3/share/cmake-3.21/Modules/CMakeCCompilerABI.c -quiet -dumpbase CMakeCCompilerABI.c -mtune=generic -march=x86-64 -auxbase-strip CMakeFiles/cmTC_60206.dir/CMakeCCompilerABI.c.o -version -o /scratch/local/63612339/ccAHBiBc.s
GNU C11 (GCC) version 7.3.0 (x86_64-pc-linux-gnu)
	compiled by GNU C version 7.3.0, GMP version 6.1.0, MPFR version 3.1.4, MPC version 1.0.3, isl version isl-0.16.1-GMP

GGC heuristics: --param ggc-min-expand=100 --param ggc-min-heapsize=131072
ignoring nonexistent directory "/apps/compilers/gcc/7.3.0/lib/gcc/x86_64-pc-linux-gnu/7.3.0/../../../../x86_64-pc-linux-gnu/include"
#include "..." search starts here:
#include <...> search starts here:
 /apps/compilers/gcc/7.3.0/lib/gcc/x86_64-pc-linux-gnu/7.3.0/include
 /usr/local/include
 /apps/compilers/gcc/7.3.0/include
 /apps/compilers/gcc/7.3.0/lib/gcc/x86_64-pc-linux-gnu/7.3.0/include-fixed
 /usr/include
End of search list.
GNU C11 (GCC) version 7.3.0 (x86_64-pc-linux-gnu)
	compiled by GNU C version 7.3.0, GMP version 6.1.0, MPFR version 3.1.4, MPC version 1.0.3, isl version isl-0.16.1-GMP

GGC heuristics: --param ggc-min-expand=100 --param ggc-min-heapsize=131072
Compiler executable checksum: 12b8ad0c1b249b2ddf57673446eccb6a
COLLECT_GCC_OPTIONS='-v' '-o' 'CMakeFiles/cmTC_60206.dir/CMakeCCompilerABI.c.o' '-c' '-mtune=generic' '-march=x86-64'
 as -v --64 -o CMakeFiles/cmTC_60206.dir/CMakeCCompilerABI.c.o /scratch/local/63612339/ccAHBiBc.s
GNU assembler version 2.27 (x86_64-redhat-linux) using BFD version version 2.27-44.base.el7_9.1
COMPILER_PATH=/apps/compilers/gcc/7.3.0/libexec/gcc/x86_64-pc-linux-gnu/7.3.0/:/apps/compilers/gcc/7.3.0/libexec/gcc/x86_64-pc-linux-gnu/7.3.0/:/apps/compilers/gcc/7.3.0/libexec/gcc/x86_64-pc-linux-gnu/:/apps/compilers/gcc/7.3.0/lib/gcc/x86_64-pc-linux-gnu/7.3.0/:/apps/compilers/gcc/7.3.0/lib/gcc/x86_64-pc-linux-gnu/
LIBRARY_PATH=/apps/compilers/gcc/7.3.0/lib/gcc/x86_64-pc-linux-gnu/7.3.0/:/apps/compilers/gcc/7.3.0/lib/gcc/x86_64-pc-linux-gnu/7.3.0/../../../../lib64/:/lib/../lib64/:/usr/lib/../lib64/:/apps/compilers/gcc/7.3.0/lib/gcc/x86_64-pc-linux-gnu/7.3.0/../../../:/lib/:/usr/lib/
COLLECT_GCC_OPTIONS='-v' '-o' 'CMakeFiles/cmTC_60206.dir/CMakeCCompilerABI.c.o' '-c' '-mtune=generic' '-march=x86-64'
Linking C executable cmTC_60206
/apps/cmake/3.21.3/bin/cmake -E cmake_link_script CMakeFiles/cmTC_60206.dir/link.txt --verbose=1
/apps/compilers/gcc/7.3.0/bin/gcc  -v -rdynamic CMakeFiles/cmTC_60206.dir/CMakeCCompilerABI.c.o -o cmTC_60206 
Using built-in specs.
COLLECT_GCC=/apps/compilers/gcc/7.3.0/bin/gcc
COLLECT_LTO_WRAPPER=/apps/compilers/gcc/7.3.0/libexec/gcc/x86_64-pc-linux-gnu/7.3.0/lto-wrapper
Target: x86_64-pc-linux-gnu
Configured with: ../configure --prefix=/apps/compilers/gcc/7.3.0 --enable-languages=c,c++,fortran,go --disable-multilib
Thread model: posix
gcc version 7.3.0 (GCC) 
COMPILER_PATH=/apps/compilers/gcc/7.3.0/libexec/gcc/x86_64-pc-linux-gnu/7.3.0/:/apps/compilers/gcc/7.3.0/libexec/gcc/x86_64-pc-linux-gnu/7.3.0/:/apps/compilers/gcc/7.3.0/libexec/gcc/x86_64-pc-linux-gnu/:/apps/compilers/gcc/7.3.0/lib/gcc/x86_64-pc-linux-gnu/7.3.0/:/apps/compilers/gcc/7.3.0/lib/gcc/x86_64-pc-linux-gnu/
LIBRARY_PATH=/apps/compilers/gcc/7.3.0/lib/gcc/x86_64-pc-linux-gnu/7.3.0/:/apps/compilers/gcc/7.3.0/lib/gcc/x86_64-pc-linux-gnu/7.3.0/../../../../lib64/:/lib/../lib64/:/usr/lib/../lib64/:/apps/compilers/gcc/7.3.0/lib/gcc/x86_64-pc-linux-gnu/7.3.0/../../../:/lib/:/usr/lib/
COLLECT_GCC_OPTIONS='-v' '-rdynamic' '-o' 'cmTC_60206' '-mtune=generic' '-march=x86-64'
 /apps/compilers/gcc/7.3.0/libexec/gcc/x86_64-pc-linux-gnu/7.3.0/collect2 -plugin /apps/compilers/gcc/7.3.0/libexec/gcc/x86_64-pc-linux-gnu/7.3.0/liblto_plugin.so -plugin-opt=/apps/compilers/gcc/7.3.0/libexec/gcc/x86_64-pc-linux-gnu/7.3.0/lto-wrapper -plugin-opt=-fresolution=/scratch/local/63612339/cc4zl3ae.res -plugin-opt=-pass-through=-lgcc -plugin-opt=-pass-through=-lgcc_s -plugin-opt=-pass-through=-lc -plugin-opt=-pass-through=-lgcc -plugin-opt=-pass-through=-lgcc_s --eh-frame-hdr -m elf_x86_64 -export-dynamic -dynamic-linker /lib64/ld-linux-x86-64.so.2 -o cmTC_60206 /lib/../lib64/crt1.o /lib/../lib64/crti.o /apps/compilers/gcc/7.3.0/lib/gcc/x86_64-pc-linux-gnu/7.3.0/crtbegin.o -L/apps/compilers/gcc/7.3.0/lib/gcc/x86_64-pc-linux-gnu/7.3.0 -L/apps/compilers/gcc/7.3.0/lib/gcc/x86_64-pc-linux-gnu/7.3.0/../../../../lib64 -L/lib/../lib64 -L/usr/lib/../lib64 -L/apps/compilers/gcc/7.3.0/lib/gcc/x86_64-pc-linux-gnu/7.3.0/../../.. CMakeFiles/cmTC_60206.dir/CMakeCCompilerABI.c.o -lgcc --as-needed -lgcc_s --no-as-needed -lc -lgcc --as-needed -lgcc_s --no-as-needed /apps/compilers/gcc/7.3.0/lib/gcc/x86_64-pc-linux-gnu/7.3.0/crtend.o /lib/../lib64/crtn.o
COLLECT_GCC_OPTIONS='-v' '-rdynamic' '-o' 'cmTC_60206' '-mtune=generic' '-march=x86-64'
gmake[1]: Leaving directory `/home/ericfonseca/opensim-workspace/opensim-core-source/OpenSim/CMakeFiles/CMakeTmp'



Parsed C implicit include dir info from above output: rv=done
  found start of include info
  found start of implicit include info
    add: [/apps/compilers/gcc/7.3.0/lib/gcc/x86_64-pc-linux-gnu/7.3.0/include]
    add: [/usr/local/include]
    add: [/apps/compilers/gcc/7.3.0/include]
    add: [/apps/compilers/gcc/7.3.0/lib/gcc/x86_64-pc-linux-gnu/7.3.0/include-fixed]
    add: [/usr/include]
  end of search list found
  collapse include dir [/apps/compilers/gcc/7.3.0/lib/gcc/x86_64-pc-linux-gnu/7.3.0/include] ==> [/apps/compilers/gcc/7.3.0/lib/gcc/x86_64-pc-linux-gnu/7.3.0/include]
  collapse include dir [/usr/local/include] ==> [/usr/local/include]
  collapse include dir [/apps/compilers/gcc/7.3.0/include] ==> [/apps/compilers/gcc/7.3.0/include]
  collapse include dir [/apps/compilers/gcc/7.3.0/lib/gcc/x86_64-pc-linux-gnu/7.3.0/include-fixed] ==> [/apps/compilers/gcc/7.3.0/lib/gcc/x86_64-pc-linux-gnu/7.3.0/include-fixed]
  collapse include dir [/usr/include] ==> [/usr/include]
  implicit include dirs: [/apps/compilers/gcc/7.3.0/lib/gcc/x86_64-pc-linux-gnu/7.3.0/include;/usr/local/include;/apps/compilers/gcc/7.3.0/include;/apps/compilers/gcc/7.3.0/lib/gcc/x86_64-pc-linux-gnu/7.3.0/include-fixed;/usr/include]


Parsed C implicit link information from above output:
  link line regex: [^( *|.*[/\])(ld|CMAKE_LINK_STARTFILE-NOTFOUND|([^/\]+-)?ld|collect2)[^/\]*( |$)]
  ignore line: [Change Dir: /home/ericfonseca/opensim-workspace/opensim-core-source/OpenSim/CMakeFiles/CMakeTmp]
  ignore line: []
  ignore line: [Run Build Command(s):/usr/bin/gmake -f Makefile cmTC_60206/fast && /usr/bin/gmake  -f CMakeFiles/cmTC_60206.dir/build.make CMakeFiles/cmTC_60206.dir/build]
  ignore line: [gmake[1]: Entering directory `/home/ericfonseca/opensim-workspace/opensim-core-source/OpenSim/CMakeFiles/CMakeTmp']
  ignore line: [Building C object CMakeFiles/cmTC_60206.dir/CMakeCCompilerABI.c.o]
  ignore line: [/apps/compilers/gcc/7.3.0/bin/gcc   -v -o CMakeFiles/cmTC_60206.dir/CMakeCCompilerABI.c.o -c /apps/cmake/3.21.3/share/cmake-3.21/Modules/CMakeCCompilerABI.c]
  ignore line: [Using built-in specs.]
  ignore line: [COLLECT_GCC=/apps/compilers/gcc/7.3.0/bin/gcc]
  ignore line: [Target: x86_64-pc-linux-gnu]
  ignore line: [Configured with: ../configure --prefix=/apps/compilers/gcc/7.3.0 --enable-languages=c c++ fortran go --disable-multilib]
  ignore line: [Thread model: posix]
  ignore line: [gcc version 7.3.0 (GCC) ]
  ignore line: [COLLECT_GCC_OPTIONS='-v' '-o' 'CMakeFiles/cmTC_60206.dir/CMakeCCompilerABI.c.o' '-c' '-mtune=generic' '-march=x86-64']
  ignore line: [ /apps/compilers/gcc/7.3.0/libexec/gcc/x86_64-pc-linux-gnu/7.3.0/cc1 -quiet -v /apps/cmake/3.21.3/share/cmake-3.21/Modules/CMakeCCompilerABI.c -quiet -dumpbase CMakeCCompilerABI.c -mtune=generic -march=x86-64 -auxbase-strip CMakeFiles/cmTC_60206.dir/CMakeCCompilerABI.c.o -version -o /scratch/local/63612339/ccAHBiBc.s]
  ignore line: [GNU C11 (GCC) version 7.3.0 (x86_64-pc-linux-gnu)]
  ignore line: [	compiled by GNU C version 7.3.0  GMP version 6.1.0  MPFR version 3.1.4  MPC version 1.0.3  isl version isl-0.16.1-GMP]
  ignore line: []
  ignore line: [GGC heuristics: --param ggc-min-expand=100 --param ggc-min-heapsize=131072]
  ignore line: [ignoring nonexistent directory "/apps/compilers/gcc/7.3.0/lib/gcc/x86_64-pc-linux-gnu/7.3.0/../../../../x86_64-pc-linux-gnu/include"]
  ignore line: [#include "..." search starts here:]
  ignore line: [#include <...> search starts here:]
  ignore line: [ /apps/compilers/gcc/7.3.0/lib/gcc/x86_64-pc-linux-gnu/7.3.0/include]
  ignore line: [ /usr/local/include]
  ignore line: [ /apps/compilers/gcc/7.3.0/include]
  ignore line: [ /apps/compilers/gcc/7.3.0/lib/gcc/x86_64-pc-linux-gnu/7.3.0/include-fixed]
  ignore line: [ /usr/include]
  ignore line: [End of search list.]
  ignore line: [GNU C11 (GCC) version 7.3.0 (x86_64-pc-linux-gnu)]
  ignore line: [	compiled by GNU C version 7.3.0  GMP version 6.1.0  MPFR version 3.1.4  MPC version 1.0.3  isl version isl-0.16.1-GMP]
  ignore line: []
  ignore line: [GGC heuristics: --param ggc-min-expand=100 --param ggc-min-heapsize=131072]
  ignore line: [Compiler executable checksum: 12b8ad0c1b249b2ddf57673446eccb6a]
  ignore line: [COLLECT_GCC_OPTIONS='-v' '-o' 'CMakeFiles/cmTC_60206.dir/CMakeCCompilerABI.c.o' '-c' '-mtune=generic' '-march=x86-64']
  ignore line: [ as -v --64 -o CMakeFiles/cmTC_60206.dir/CMakeCCompilerABI.c.o /scratch/local/63612339/ccAHBiBc.s]
  ignore line: [GNU assembler version 2.27 (x86_64-redhat-linux) using BFD version version 2.27-44.base.el7_9.1]
  ignore line: [COMPILER_PATH=/apps/compilers/gcc/7.3.0/libexec/gcc/x86_64-pc-linux-gnu/7.3.0/:/apps/compilers/gcc/7.3.0/libexec/gcc/x86_64-pc-linux-gnu/7.3.0/:/apps/compilers/gcc/7.3.0/libexec/gcc/x86_64-pc-linux-gnu/:/apps/compilers/gcc/7.3.0/lib/gcc/x86_64-pc-linux-gnu/7.3.0/:/apps/compilers/gcc/7.3.0/lib/gcc/x86_64-pc-linux-gnu/]
  ignore line: [LIBRARY_PATH=/apps/compilers/gcc/7.3.0/lib/gcc/x86_64-pc-linux-gnu/7.3.0/:/apps/compilers/gcc/7.3.0/lib/gcc/x86_64-pc-linux-gnu/7.3.0/../../../../lib64/:/lib/../lib64/:/usr/lib/../lib64/:/apps/compilers/gcc/7.3.0/lib/gcc/x86_64-pc-linux-gnu/7.3.0/../../../:/lib/:/usr/lib/]
  ignore line: [COLLECT_GCC_OPTIONS='-v' '-o' 'CMakeFiles/cmTC_60206.dir/CMakeCCompilerABI.c.o' '-c' '-mtune=generic' '-march=x86-64']
  ignore line: [Linking C executable cmTC_60206]
  ignore line: [/apps/cmake/3.21.3/bin/cmake -E cmake_link_script CMakeFiles/cmTC_60206.dir/link.txt --verbose=1]
  ignore line: [/apps/compilers/gcc/7.3.0/bin/gcc  -v -rdynamic CMakeFiles/cmTC_60206.dir/CMakeCCompilerABI.c.o -o cmTC_60206 ]
  ignore line: [Using built-in specs.]
  ignore line: [COLLECT_GCC=/apps/compilers/gcc/7.3.0/bin/gcc]
  ignore line: [COLLECT_LTO_WRAPPER=/apps/compilers/gcc/7.3.0/libexec/gcc/x86_64-pc-linux-gnu/7.3.0/lto-wrapper]
  ignore line: [Target: x86_64-pc-linux-gnu]
  ignore line: [Configured with: ../configure --prefix=/apps/compilers/gcc/7.3.0 --enable-languages=c c++ fortran go --disable-multilib]
  ignore line: [Thread model: posix]
  ignore line: [gcc version 7.3.0 (GCC) ]
  ignore line: [COMPILER_PATH=/apps/compilers/gcc/7.3.0/libexec/gcc/x86_64-pc-linux-gnu/7.3.0/:/apps/compilers/gcc/7.3.0/libexec/gcc/x86_64-pc-linux-gnu/7.3.0/:/apps/compilers/gcc/7.3.0/libexec/gcc/x86_64-pc-linux-gnu/:/apps/compilers/gcc/7.3.0/lib/gcc/x86_64-pc-linux-gnu/7.3.0/:/apps/compilers/gcc/7.3.0/lib/gcc/x86_64-pc-linux-gnu/]
  ignore line: [LIBRARY_PATH=/apps/compilers/gcc/7.3.0/lib/gcc/x86_64-pc-linux-gnu/7.3.0/:/apps/compilers/gcc/7.3.0/lib/gcc/x86_64-pc-linux-gnu/7.3.0/../../../../lib64/:/lib/../lib64/:/usr/lib/../lib64/:/apps/compilers/gcc/7.3.0/lib/gcc/x86_64-pc-linux-gnu/7.3.0/../../../:/lib/:/usr/lib/]
  ignore line: [COLLECT_GCC_OPTIONS='-v' '-rdynamic' '-o' 'cmTC_60206' '-mtune=generic' '-march=x86-64']
  link line: [ /apps/compilers/gcc/7.3.0/libexec/gcc/x86_64-pc-linux-gnu/7.3.0/collect2 -plugin /apps/compilers/gcc/7.3.0/libexec/gcc/x86_64-pc-linux-gnu/7.3.0/liblto_plugin.so -plugin-opt=/apps/compilers/gcc/7.3.0/libexec/gcc/x86_64-pc-linux-gnu/7.3.0/lto-wrapper -plugin-opt=-fresolution=/scratch/local/63612339/cc4zl3ae.res -plugin-opt=-pass-through=-lgcc -plugin-opt=-pass-through=-lgcc_s -plugin-opt=-pass-through=-lc -plugin-opt=-pass-through=-lgcc -plugin-opt=-pass-through=-lgcc_s --eh-frame-hdr -m elf_x86_64 -export-dynamic -dynamic-linker /lib64/ld-linux-x86-64.so.2 -o cmTC_60206 /lib/../lib64/crt1.o /lib/../lib64/crti.o /apps/compilers/gcc/7.3.0/lib/gcc/x86_64-pc-linux-gnu/7.3.0/crtbegin.o -L/apps/compilers/gcc/7.3.0/lib/gcc/x86_64-pc-linux-gnu/7.3.0 -L/apps/compilers/gcc/7.3.0/lib/gcc/x86_64-pc-linux-gnu/7.3.0/../../../../lib64 -L/lib/../lib64 -L/usr/lib/../lib64 -L/apps/compilers/gcc/7.3.0/lib/gcc/x86_64-pc-linux-gnu/7.3.0/../../.. CMakeFiles/cmTC_60206.dir/CMakeCCompilerABI.c.o -lgcc --as-needed -lgcc_s --no-as-needed -lc -lgcc --as-needed -lgcc_s --no-as-needed /apps/compilers/gcc/7.3.0/lib/gcc/x86_64-pc-linux-gnu/7.3.0/crtend.o /lib/../lib64/crtn.o]
    arg [/apps/compilers/gcc/7.3.0/libexec/gcc/x86_64-pc-linux-gnu/7.3.0/collect2] ==> ignore
    arg [-plugin] ==> ignore
    arg [/apps/compilers/gcc/7.3.0/libexec/gcc/x86_64-pc-linux-gnu/7.3.0/liblto_plugin.so] ==> ignore
    arg [-plugin-opt=/apps/compilers/gcc/7.3.0/libexec/gcc/x86_64-pc-linux-gnu/7.3.0/lto-wrapper] ==> ignore
    arg [-plugin-opt=-fresolution=/scratch/local/63612339/cc4zl3ae.res] ==> ignore
    arg [-plugin-opt=-pass-through=-lgcc] ==> ignore
    arg [-plugin-opt=-pass-through=-lgcc_s] ==> ignore
    arg [-plugin-opt=-pass-through=-lc] ==> ignore
    arg [-plugin-opt=-pass-through=-lgcc] ==> ignore
    arg [-plugin-opt=-pass-through=-lgcc_s] ==> ignore
    arg [--eh-frame-hdr] ==> ignore
    arg [-m] ==> ignore
    arg [elf_x86_64] ==> ignore
    arg [-export-dynamic] ==> ignore
    arg [-dynamic-linker] ==> ignore
    arg [/lib64/ld-linux-x86-64.so.2] ==> ignore
    arg [-o] ==> ignore
    arg [cmTC_60206] ==> ignore
    arg [/lib/../lib64/crt1.o] ==> obj [/lib/../lib64/crt1.o]
    arg [/lib/../lib64/crti.o] ==> obj [/lib/../lib64/crti.o]
    arg [/apps/compilers/gcc/7.3.0/lib/gcc/x86_64-pc-linux-gnu/7.3.0/crtbegin.o] ==> obj [/apps/compilers/gcc/7.3.0/lib/gcc/x86_64-pc-linux-gnu/7.3.0/crtbegin.o]
    arg [-L/apps/compilers/gcc/7.3.0/lib/gcc/x86_64-pc-linux-gnu/7.3.0] ==> dir [/apps/compilers/gcc/7.3.0/lib/gcc/x86_64-pc-linux-gnu/7.3.0]
    arg [-L/apps/compilers/gcc/7.3.0/lib/gcc/x86_64-pc-linux-gnu/7.3.0/../../../../lib64] ==> dir [/apps/compilers/gcc/7.3.0/lib/gcc/x86_64-pc-linux-gnu/7.3.0/../../../../lib64]
    arg [-L/lib/../lib64] ==> dir [/lib/../lib64]
    arg [-L/usr/lib/../lib64] ==> dir [/usr/lib/../lib64]
    arg [-L/apps/compilers/gcc/7.3.0/lib/gcc/x86_64-pc-linux-gnu/7.3.0/../../..] ==> dir [/apps/compilers/gcc/7.3.0/lib/gcc/x86_64-pc-linux-gnu/7.3.0/../../..]
    arg [CMakeFiles/cmTC_60206.dir/CMakeCCompilerABI.c.o] ==> ignore
    arg [-lgcc] ==> lib [gcc]
    arg [--as-needed] ==> ignore
    arg [-lgcc_s] ==> lib [gcc_s]
    arg [--no-as-needed] ==> ignore
    arg [-lc] ==> lib [c]
    arg [-lgcc] ==> lib [gcc]
    arg [--as-needed] ==> ignore
    arg [-lgcc_s] ==> lib [gcc_s]
    arg [--no-as-needed] ==> ignore
    arg [/apps/compilers/gcc/7.3.0/lib/gcc/x86_64-pc-linux-gnu/7.3.0/crtend.o] ==> obj [/apps/compilers/gcc/7.3.0/lib/gcc/x86_64-pc-linux-gnu/7.3.0/crtend.o]
    arg [/lib/../lib64/crtn.o] ==> obj [/lib/../lib64/crtn.o]
  collapse obj [/lib/../lib64/crt1.o] ==> [/lib64/crt1.o]
  collapse obj [/lib/../lib64/crti.o] ==> [/lib64/crti.o]
  collapse obj [/lib/../lib64/crtn.o] ==> [/lib64/crtn.o]
  collapse library dir [/apps/compilers/gcc/7.3.0/lib/gcc/x86_64-pc-linux-gnu/7.3.0] ==> [/apps/compilers/gcc/7.3.0/lib/gcc/x86_64-pc-linux-gnu/7.3.0]
  collapse library dir [/apps/compilers/gcc/7.3.0/lib/gcc/x86_64-pc-linux-gnu/7.3.0/../../../../lib64] ==> [/apps/compilers/gcc/7.3.0/lib64]
  collapse library dir [/lib/../lib64] ==> [/lib64]
  collapse library dir [/usr/lib/../lib64] ==> [/usr/lib64]
  collapse library dir [/apps/compilers/gcc/7.3.0/lib/gcc/x86_64-pc-linux-gnu/7.3.0/../../..] ==> [/apps/compilers/gcc/7.3.0/lib]
  implicit libs: [gcc;gcc_s;c;gcc;gcc_s]
  implicit objs: [/lib64/crt1.o;/lib64/crti.o;/apps/compilers/gcc/7.3.0/lib/gcc/x86_64-pc-linux-gnu/7.3.0/crtbegin.o;/apps/compilers/gcc/7.3.0/lib/gcc/x86_64-pc-linux-gnu/7.3.0/crtend.o;/lib64/crtn.o]
  implicit dirs: [/apps/compilers/gcc/7.3.0/lib/gcc/x86_64-pc-linux-gnu/7.3.0;/apps/compilers/gcc/7.3.0/lib64;/lib64;/usr/lib64;/apps/compilers/gcc/7.3.0/lib]
  implicit fwks: []


Detecting CXX compiler ABI info compiled with the following output:
Change Dir: /home/ericfonseca/opensim-workspace/opensim-core-source/OpenSim/CMakeFiles/CMakeTmp

Run Build Command(s):/usr/bin/gmake -f Makefile cmTC_eb130/fast && /usr/bin/gmake  -f CMakeFiles/cmTC_eb130.dir/build.make CMakeFiles/cmTC_eb130.dir/build
gmake[1]: Entering directory `/home/ericfonseca/opensim-workspace/opensim-core-source/OpenSim/CMakeFiles/CMakeTmp'
Building CXX object CMakeFiles/cmTC_eb130.dir/CMakeCXXCompilerABI.cpp.o
/apps/compilers/gcc/7.3.0/bin/g++   -v -o CMakeFiles/cmTC_eb130.dir/CMakeCXXCompilerABI.cpp.o -c /apps/cmake/3.21.3/share/cmake-3.21/Modules/CMakeCXXCompilerABI.cpp
Using built-in specs.
COLLECT_GCC=/apps/compilers/gcc/7.3.0/bin/g++
Target: x86_64-pc-linux-gnu
Configured with: ../configure --prefix=/apps/compilers/gcc/7.3.0 --enable-languages=c,c++,fortran,go --disable-multilib
Thread model: posix
gcc version 7.3.0 (GCC) 
COLLECT_GCC_OPTIONS='-v' '-o' 'CMakeFiles/cmTC_eb130.dir/CMakeCXXCompilerABI.cpp.o' '-c' '-shared-libgcc' '-mtune=generic' '-march=x86-64'
 /apps/compilers/gcc/7.3.0/libexec/gcc/x86_64-pc-linux-gnu/7.3.0/cc1plus -quiet -v -D_GNU_SOURCE /apps/cmake/3.21.3/share/cmake-3.21/Modules/CMakeCXXCompilerABI.cpp -quiet -dumpbase CMakeCXXCompilerABI.cpp -mtune=generic -march=x86-64 -auxbase-strip CMakeFiles/cmTC_eb130.dir/CMakeCXXCompilerABI.cpp.o -version -o /scratch/local/63612339/ccWZMeFn.s
GNU C++14 (GCC) version 7.3.0 (x86_64-pc-linux-gnu)
	compiled by GNU C version 7.3.0, GMP version 6.1.0, MPFR version 3.1.4, MPC version 1.0.3, isl version isl-0.16.1-GMP

GGC heuristics: --param ggc-min-expand=100 --param ggc-min-heapsize=131072
ignoring nonexistent directory "/apps/compilers/gcc/7.3.0/lib/gcc/x86_64-pc-linux-gnu/7.3.0/../../../../x86_64-pc-linux-gnu/include"
#include "..." search starts here:
#include <...> search starts here:
 /apps/compilers/gcc/7.3.0/lib/gcc/x86_64-pc-linux-gnu/7.3.0/../../../../include/c++/7.3.0
 /apps/compilers/gcc/7.3.0/lib/gcc/x86_64-pc-linux-gnu/7.3.0/../../../../include/c++/7.3.0/x86_64-pc-linux-gnu
 /apps/compilers/gcc/7.3.0/lib/gcc/x86_64-pc-linux-gnu/7.3.0/../../../../include/c++/7.3.0/backward
 /apps/compilers/gcc/7.3.0/lib/gcc/x86_64-pc-linux-gnu/7.3.0/include
 /usr/local/include
 /apps/compilers/gcc/7.3.0/include
 /apps/compilers/gcc/7.3.0/lib/gcc/x86_64-pc-linux-gnu/7.3.0/include-fixed
 /usr/include
End of search list.
GNU C++14 (GCC) version 7.3.0 (x86_64-pc-linux-gnu)
	compiled by GNU C version 7.3.0, GMP version 6.1.0, MPFR version 3.1.4, MPC version 1.0.3, isl version isl-0.16.1-GMP

GGC heuristics: --param ggc-min-expand=100 --param ggc-min-heapsize=131072
Compiler executable checksum: 4ed1252f28812536f45272affe61c4cc
COLLECT_GCC_OPTIONS='-v' '-o' 'CMakeFiles/cmTC_eb130.dir/CMakeCXXCompilerABI.cpp.o' '-c' '-shared-libgcc' '-mtune=generic' '-march=x86-64'
 as -v --64 -o CMakeFiles/cmTC_eb130.dir/CMakeCXXCompilerABI.cpp.o /scratch/local/63612339/ccWZMeFn.s
GNU assembler version 2.27 (x86_64-redhat-linux) using BFD version version 2.27-44.base.el7_9.1
COMPILER_PATH=/apps/compilers/gcc/7.3.0/libexec/gcc/x86_64-pc-linux-gnu/7.3.0/:/apps/compilers/gcc/7.3.0/libexec/gcc/x86_64-pc-linux-gnu/7.3.0/:/apps/compilers/gcc/7.3.0/libexec/gcc/x86_64-pc-linux-gnu/:/apps/compilers/gcc/7.3.0/lib/gcc/x86_64-pc-linux-gnu/7.3.0/:/apps/compilers/gcc/7.3.0/lib/gcc/x86_64-pc-linux-gnu/
LIBRARY_PATH=/apps/compilers/gcc/7.3.0/lib/gcc/x86_64-pc-linux-gnu/7.3.0/:/apps/compilers/gcc/7.3.0/lib/gcc/x86_64-pc-linux-gnu/7.3.0/../../../../lib64/:/lib/../lib64/:/usr/lib/../lib64/:/apps/compilers/gcc/7.3.0/lib/gcc/x86_64-pc-linux-gnu/7.3.0/../../../:/lib/:/usr/lib/
COLLECT_GCC_OPTIONS='-v' '-o' 'CMakeFiles/cmTC_eb130.dir/CMakeCXXCompilerABI.cpp.o' '-c' '-shared-libgcc' '-mtune=generic' '-march=x86-64'
Linking CXX executable cmTC_eb130
/apps/cmake/3.21.3/bin/cmake -E cmake_link_script CMakeFiles/cmTC_eb130.dir/link.txt --verbose=1
/apps/compilers/gcc/7.3.0/bin/g++  -v -rdynamic CMakeFiles/cmTC_eb130.dir/CMakeCXXCompilerABI.cpp.o -o cmTC_eb130 
Using built-in specs.
COLLECT_GCC=/apps/compilers/gcc/7.3.0/bin/g++
COLLECT_LTO_WRAPPER=/apps/compilers/gcc/7.3.0/libexec/gcc/x86_64-pc-linux-gnu/7.3.0/lto-wrapper
Target: x86_64-pc-linux-gnu
Configured with: ../configure --prefix=/apps/compilers/gcc/7.3.0 --enable-languages=c,c++,fortran,go --disable-multilib
Thread model: posix
gcc version 7.3.0 (GCC) 
COMPILER_PATH=/apps/compilers/gcc/7.3.0/libexec/gcc/x86_64-pc-linux-gnu/7.3.0/:/apps/compilers/gcc/7.3.0/libexec/gcc/x86_64-pc-linux-gnu/7.3.0/:/apps/compilers/gcc/7.3.0/libexec/gcc/x86_64-pc-linux-gnu/:/apps/compilers/gcc/7.3.0/lib/gcc/x86_64-pc-linux-gnu/7.3.0/:/apps/compilers/gcc/7.3.0/lib/gcc/x86_64-pc-linux-gnu/
LIBRARY_PATH=/apps/compilers/gcc/7.3.0/lib/gcc/x86_64-pc-linux-gnu/7.3.0/:/apps/compilers/gcc/7.3.0/lib/gcc/x86_64-pc-linux-gnu/7.3.0/../../../../lib64/:/lib/../lib64/:/usr/lib/../lib64/:/apps/compilers/gcc/7.3.0/lib/gcc/x86_64-pc-linux-gnu/7.3.0/../../../:/lib/:/usr/lib/
COLLECT_GCC_OPTIONS='-v' '-rdynamic' '-o' 'cmTC_eb130' '-shared-libgcc' '-mtune=generic' '-march=x86-64'
 /apps/compilers/gcc/7.3.0/libexec/gcc/x86_64-pc-linux-gnu/7.3.0/collect2 -plugin /apps/compilers/gcc/7.3.0/libexec/gcc/x86_64-pc-linux-gnu/7.3.0/liblto_plugin.so -plugin-opt=/apps/compilers/gcc/7.3.0/libexec/gcc/x86_64-pc-linux-gnu/7.3.0/lto-wrapper -plugin-opt=-fresolution=/scratch/local/63612339/cc9ZnwZp.res -plugin-opt=-pass-through=-lgcc_s -plugin-opt=-pass-through=-lgcc -plugin-opt=-pass-through=-lc -plugin-opt=-pass-through=-lgcc_s -plugin-opt=-pass-through=-lgcc --eh-frame-hdr -m elf_x86_64 -export-dynamic -dynamic-linker /lib64/ld-linux-x86-64.so.2 -o cmTC_eb130 /lib/../lib64/crt1.o /lib/../lib64/crti.o /apps/compilers/gcc/7.3.0/lib/gcc/x86_64-pc-linux-gnu/7.3.0/crtbegin.o -L/apps/compilers/gcc/7.3.0/lib/gcc/x86_64-pc-linux-gnu/7.3.0 -L/apps/compilers/gcc/7.3.0/lib/gcc/x86_64-pc-linux-gnu/7.3.0/../../../../lib64 -L/lib/../lib64 -L/usr/lib/../lib64 -L/apps/compilers/gcc/7.3.0/lib/gcc/x86_64-pc-linux-gnu/7.3.0/../../.. CMakeFiles/cmTC_eb130.dir/CMakeCXXCompilerABI.cpp.o -lstdc++ -lm -lgcc_s -lgcc -lc -lgcc_s -lgcc /apps/compilers/gcc/7.3.0/lib/gcc/x86_64-pc-linux-gnu/7.3.0/crtend.o /lib/../lib64/crtn.o
COLLECT_GCC_OPTIONS='-v' '-rdynamic' '-o' 'cmTC_eb130' '-shared-libgcc' '-mtune=generic' '-march=x86-64'
gmake[1]: Leaving directory `/home/ericfonseca/opensim-workspace/opensim-core-source/OpenSim/CMakeFiles/CMakeTmp'



Parsed CXX implicit include dir info from above output: rv=done
  found start of include info
  found start of implicit include info
    add: [/apps/compilers/gcc/7.3.0/lib/gcc/x86_64-pc-linux-gnu/7.3.0/../../../../include/c++/7.3.0]
    add: [/apps/compilers/gcc/7.3.0/lib/gcc/x86_64-pc-linux-gnu/7.3.0/../../../../include/c++/7.3.0/x86_64-pc-linux-gnu]
    add: [/apps/compilers/gcc/7.3.0/lib/gcc/x86_64-pc-linux-gnu/7.3.0/../../../../include/c++/7.3.0/backward]
    add: [/apps/compilers/gcc/7.3.0/lib/gcc/x86_64-pc-linux-gnu/7.3.0/include]
    add: [/usr/local/include]
    add: [/apps/compilers/gcc/7.3.0/include]
    add: [/apps/compilers/gcc/7.3.0/lib/gcc/x86_64-pc-linux-gnu/7.3.0/include-fixed]
    add: [/usr/include]
  end of search list found
  collapse include dir [/apps/compilers/gcc/7.3.0/lib/gcc/x86_64-pc-linux-gnu/7.3.0/../../../../include/c++/7.3.0] ==> [/apps/compilers/gcc/7.3.0/include/c++/7.3.0]
  collapse include dir [/apps/compilers/gcc/7.3.0/lib/gcc/x86_64-pc-linux-gnu/7.3.0/../../../../include/c++/7.3.0/x86_64-pc-linux-gnu] ==> [/apps/compilers/gcc/7.3.0/include/c++/7.3.0/x86_64-pc-linux-gnu]
  collapse include dir [/apps/compilers/gcc/7.3.0/lib/gcc/x86_64-pc-linux-gnu/7.3.0/../../../../include/c++/7.3.0/backward] ==> [/apps/compilers/gcc/7.3.0/include/c++/7.3.0/backward]
  collapse include dir [/apps/compilers/gcc/7.3.0/lib/gcc/x86_64-pc-linux-gnu/7.3.0/include] ==> [/apps/compilers/gcc/7.3.0/lib/gcc/x86_64-pc-linux-gnu/7.3.0/include]
  collapse include dir [/usr/local/include] ==> [/usr/local/include]
  collapse include dir [/apps/compilers/gcc/7.3.0/include] ==> [/apps/compilers/gcc/7.3.0/include]
  collapse include dir [/apps/compilers/gcc/7.3.0/lib/gcc/x86_64-pc-linux-gnu/7.3.0/include-fixed] ==> [/apps/compilers/gcc/7.3.0/lib/gcc/x86_64-pc-linux-gnu/7.3.0/include-fixed]
  collapse include dir [/usr/include] ==> [/usr/include]
  implicit include dirs: [/apps/compilers/gcc/7.3.0/include/c++/7.3.0;/apps/compilers/gcc/7.3.0/include/c++/7.3.0/x86_64-pc-linux-gnu;/apps/compilers/gcc/7.3.0/include/c++/7.3.0/backward;/apps/compilers/gcc/7.3.0/lib/gcc/x86_64-pc-linux-gnu/7.3.0/include;/usr/local/include;/apps/compilers/gcc/7.3.0/include;/apps/compilers/gcc/7.3.0/lib/gcc/x86_64-pc-linux-gnu/7.3.0/include-fixed;/usr/include]


Parsed CXX implicit link information from above output:
  link line regex: [^( *|.*[/\])(ld|CMAKE_LINK_STARTFILE-NOTFOUND|([^/\]+-)?ld|collect2)[^/\]*( |$)]
  ignore line: [Change Dir: /home/ericfonseca/opensim-workspace/opensim-core-source/OpenSim/CMakeFiles/CMakeTmp]
  ignore line: []
  ignore line: [Run Build Command(s):/usr/bin/gmake -f Makefile cmTC_eb130/fast && /usr/bin/gmake  -f CMakeFiles/cmTC_eb130.dir/build.make CMakeFiles/cmTC_eb130.dir/build]
  ignore line: [gmake[1]: Entering directory `/home/ericfonseca/opensim-workspace/opensim-core-source/OpenSim/CMakeFiles/CMakeTmp']
  ignore line: [Building CXX object CMakeFiles/cmTC_eb130.dir/CMakeCXXCompilerABI.cpp.o]
  ignore line: [/apps/compilers/gcc/7.3.0/bin/g++   -v -o CMakeFiles/cmTC_eb130.dir/CMakeCXXCompilerABI.cpp.o -c /apps/cmake/3.21.3/share/cmake-3.21/Modules/CMakeCXXCompilerABI.cpp]
  ignore line: [Using built-in specs.]
  ignore line: [COLLECT_GCC=/apps/compilers/gcc/7.3.0/bin/g++]
  ignore line: [Target: x86_64-pc-linux-gnu]
  ignore line: [Configured with: ../configure --prefix=/apps/compilers/gcc/7.3.0 --enable-languages=c c++ fortran go --disable-multilib]
  ignore line: [Thread model: posix]
  ignore line: [gcc version 7.3.0 (GCC) ]
  ignore line: [COLLECT_GCC_OPTIONS='-v' '-o' 'CMakeFiles/cmTC_eb130.dir/CMakeCXXCompilerABI.cpp.o' '-c' '-shared-libgcc' '-mtune=generic' '-march=x86-64']
  ignore line: [ /apps/compilers/gcc/7.3.0/libexec/gcc/x86_64-pc-linux-gnu/7.3.0/cc1plus -quiet -v -D_GNU_SOURCE /apps/cmake/3.21.3/share/cmake-3.21/Modules/CMakeCXXCompilerABI.cpp -quiet -dumpbase CMakeCXXCompilerABI.cpp -mtune=generic -march=x86-64 -auxbase-strip CMakeFiles/cmTC_eb130.dir/CMakeCXXCompilerABI.cpp.o -version -o /scratch/local/63612339/ccWZMeFn.s]
  ignore line: [GNU C++14 (GCC) version 7.3.0 (x86_64-pc-linux-gnu)]
  ignore line: [	compiled by GNU C version 7.3.0  GMP version 6.1.0  MPFR version 3.1.4  MPC version 1.0.3  isl version isl-0.16.1-GMP]
  ignore line: []
  ignore line: [GGC heuristics: --param ggc-min-expand=100 --param ggc-min-heapsize=131072]
  ignore line: [ignoring nonexistent directory "/apps/compilers/gcc/7.3.0/lib/gcc/x86_64-pc-linux-gnu/7.3.0/../../../../x86_64-pc-linux-gnu/include"]
  ignore line: [#include "..." search starts here:]
  ignore line: [#include <...> search starts here:]
  ignore line: [ /apps/compilers/gcc/7.3.0/lib/gcc/x86_64-pc-linux-gnu/7.3.0/../../../../include/c++/7.3.0]
  ignore line: [ /apps/compilers/gcc/7.3.0/lib/gcc/x86_64-pc-linux-gnu/7.3.0/../../../../include/c++/7.3.0/x86_64-pc-linux-gnu]
  ignore line: [ /apps/compilers/gcc/7.3.0/lib/gcc/x86_64-pc-linux-gnu/7.3.0/../../../../include/c++/7.3.0/backward]
  ignore line: [ /apps/compilers/gcc/7.3.0/lib/gcc/x86_64-pc-linux-gnu/7.3.0/include]
  ignore line: [ /usr/local/include]
  ignore line: [ /apps/compilers/gcc/7.3.0/include]
  ignore line: [ /apps/compilers/gcc/7.3.0/lib/gcc/x86_64-pc-linux-gnu/7.3.0/include-fixed]
  ignore line: [ /usr/include]
  ignore line: [End of search list.]
  ignore line: [GNU C++14 (GCC) version 7.3.0 (x86_64-pc-linux-gnu)]
  ignore line: [	compiled by GNU C version 7.3.0  GMP version 6.1.0  MPFR version 3.1.4  MPC version 1.0.3  isl version isl-0.16.1-GMP]
  ignore line: []
  ignore line: [GGC heuristics: --param ggc-min-expand=100 --param ggc-min-heapsize=131072]
  ignore line: [Compiler executable checksum: 4ed1252f28812536f45272affe61c4cc]
  ignore line: [COLLECT_GCC_OPTIONS='-v' '-o' 'CMakeFiles/cmTC_eb130.dir/CMakeCXXCompilerABI.cpp.o' '-c' '-shared-libgcc' '-mtune=generic' '-march=x86-64']
  ignore line: [ as -v --64 -o CMakeFiles/cmTC_eb130.dir/CMakeCXXCompilerABI.cpp.o /scratch/local/63612339/ccWZMeFn.s]
  ignore line: [GNU assembler version 2.27 (x86_64-redhat-linux) using BFD version version 2.27-44.base.el7_9.1]
  ignore line: [COMPILER_PATH=/apps/compilers/gcc/7.3.0/libexec/gcc/x86_64-pc-linux-gnu/7.3.0/:/apps/compilers/gcc/7.3.0/libexec/gcc/x86_64-pc-linux-gnu/7.3.0/:/apps/compilers/gcc/7.3.0/libexec/gcc/x86_64-pc-linux-gnu/:/apps/compilers/gcc/7.3.0/lib/gcc/x86_64-pc-linux-gnu/7.3.0/:/apps/compilers/gcc/7.3.0/lib/gcc/x86_64-pc-linux-gnu/]
  ignore line: [LIBRARY_PATH=/apps/compilers/gcc/7.3.0/lib/gcc/x86_64-pc-linux-gnu/7.3.0/:/apps/compilers/gcc/7.3.0/lib/gcc/x86_64-pc-linux-gnu/7.3.0/../../../../lib64/:/lib/../lib64/:/usr/lib/../lib64/:/apps/compilers/gcc/7.3.0/lib/gcc/x86_64-pc-linux-gnu/7.3.0/../../../:/lib/:/usr/lib/]
  ignore line: [COLLECT_GCC_OPTIONS='-v' '-o' 'CMakeFiles/cmTC_eb130.dir/CMakeCXXCompilerABI.cpp.o' '-c' '-shared-libgcc' '-mtune=generic' '-march=x86-64']
  ignore line: [Linking CXX executable cmTC_eb130]
  ignore line: [/apps/cmake/3.21.3/bin/cmake -E cmake_link_script CMakeFiles/cmTC_eb130.dir/link.txt --verbose=1]
  ignore line: [/apps/compilers/gcc/7.3.0/bin/g++  -v -rdynamic CMakeFiles/cmTC_eb130.dir/CMakeCXXCompilerABI.cpp.o -o cmTC_eb130 ]
  ignore line: [Using built-in specs.]
  ignore line: [COLLECT_GCC=/apps/compilers/gcc/7.3.0/bin/g++]
  ignore line: [COLLECT_LTO_WRAPPER=/apps/compilers/gcc/7.3.0/libexec/gcc/x86_64-pc-linux-gnu/7.3.0/lto-wrapper]
  ignore line: [Target: x86_64-pc-linux-gnu]
  ignore line: [Configured with: ../configure --prefix=/apps/compilers/gcc/7.3.0 --enable-languages=c c++ fortran go --disable-multilib]
  ignore line: [Thread model: posix]
  ignore line: [gcc version 7.3.0 (GCC) ]
  ignore line: [COMPILER_PATH=/apps/compilers/gcc/7.3.0/libexec/gcc/x86_64-pc-linux-gnu/7.3.0/:/apps/compilers/gcc/7.3.0/libexec/gcc/x86_64-pc-linux-gnu/7.3.0/:/apps/compilers/gcc/7.3.0/libexec/gcc/x86_64-pc-linux-gnu/:/apps/compilers/gcc/7.3.0/lib/gcc/x86_64-pc-linux-gnu/7.3.0/:/apps/compilers/gcc/7.3.0/lib/gcc/x86_64-pc-linux-gnu/]
  ignore line: [LIBRARY_PATH=/apps/compilers/gcc/7.3.0/lib/gcc/x86_64-pc-linux-gnu/7.3.0/:/apps/compilers/gcc/7.3.0/lib/gcc/x86_64-pc-linux-gnu/7.3.0/../../../../lib64/:/lib/../lib64/:/usr/lib/../lib64/:/apps/compilers/gcc/7.3.0/lib/gcc/x86_64-pc-linux-gnu/7.3.0/../../../:/lib/:/usr/lib/]
  ignore line: [COLLECT_GCC_OPTIONS='-v' '-rdynamic' '-o' 'cmTC_eb130' '-shared-libgcc' '-mtune=generic' '-march=x86-64']
  link line: [ /apps/compilers/gcc/7.3.0/libexec/gcc/x86_64-pc-linux-gnu/7.3.0/collect2 -plugin /apps/compilers/gcc/7.3.0/libexec/gcc/x86_64-pc-linux-gnu/7.3.0/liblto_plugin.so -plugin-opt=/apps/compilers/gcc/7.3.0/libexec/gcc/x86_64-pc-linux-gnu/7.3.0/lto-wrapper -plugin-opt=-fresolution=/scratch/local/63612339/cc9ZnwZp.res -plugin-opt=-pass-through=-lgcc_s -plugin-opt=-pass-through=-lgcc -plugin-opt=-pass-through=-lc -plugin-opt=-pass-through=-lgcc_s -plugin-opt=-pass-through=-lgcc --eh-frame-hdr -m elf_x86_64 -export-dynamic -dynamic-linker /lib64/ld-linux-x86-64.so.2 -o cmTC_eb130 /lib/../lib64/crt1.o /lib/../lib64/crti.o /apps/compilers/gcc/7.3.0/lib/gcc/x86_64-pc-linux-gnu/7.3.0/crtbegin.o -L/apps/compilers/gcc/7.3.0/lib/gcc/x86_64-pc-linux-gnu/7.3.0 -L/apps/compilers/gcc/7.3.0/lib/gcc/x86_64-pc-linux-gnu/7.3.0/../../../../lib64 -L/lib/../lib64 -L/usr/lib/../lib64 -L/apps/compilers/gcc/7.3.0/lib/gcc/x86_64-pc-linux-gnu/7.3.0/../../.. CMakeFiles/cmTC_eb130.dir/CMakeCXXCompilerABI.cpp.o -lstdc++ -lm -lgcc_s -lgcc -lc -lgcc_s -lgcc /apps/compilers/gcc/7.3.0/lib/gcc/x86_64-pc-linux-gnu/7.3.0/crtend.o /lib/../lib64/crtn.o]
    arg [/apps/compilers/gcc/7.3.0/libexec/gcc/x86_64-pc-linux-gnu/7.3.0/collect2] ==> ignore
    arg [-plugin] ==> ignore
    arg [/apps/compilers/gcc/7.3.0/libexec/gcc/x86_64-pc-linux-gnu/7.3.0/liblto_plugin.so] ==> ignore
    arg [-plugin-opt=/apps/compilers/gcc/7.3.0/libexec/gcc/x86_64-pc-linux-gnu/7.3.0/lto-wrapper] ==> ignore
    arg [-plugin-opt=-fresolution=/scratch/local/63612339/cc9ZnwZp.res] ==> ignore
    arg [-plugin-opt=-pass-through=-lgcc_s] ==> ignore
    arg [-plugin-opt=-pass-through=-lgcc] ==> ignore
    arg [-plugin-opt=-pass-through=-lc] ==> ignore
    arg [-plugin-opt=-pass-through=-lgcc_s] ==> ignore
    arg [-plugin-opt=-pass-through=-lgcc] ==> ignore
    arg [--eh-frame-hdr] ==> ignore
    arg [-m] ==> ignore
    arg [elf_x86_64] ==> ignore
    arg [-export-dynamic] ==> ignore
    arg [-dynamic-linker] ==> ignore
    arg [/lib64/ld-linux-x86-64.so.2] ==> ignore
    arg [-o] ==> ignore
    arg [cmTC_eb130] ==> ignore
    arg [/lib/../lib64/crt1.o] ==> obj [/lib/../lib64/crt1.o]
    arg [/lib/../lib64/crti.o] ==> obj [/lib/../lib64/crti.o]
    arg [/apps/compilers/gcc/7.3.0/lib/gcc/x86_64-pc-linux-gnu/7.3.0/crtbegin.o] ==> obj [/apps/compilers/gcc/7.3.0/lib/gcc/x86_64-pc-linux-gnu/7.3.0/crtbegin.o]
    arg [-L/apps/compilers/gcc/7.3.0/lib/gcc/x86_64-pc-linux-gnu/7.3.0] ==> dir [/apps/compilers/gcc/7.3.0/lib/gcc/x86_64-pc-linux-gnu/7.3.0]
    arg [-L/apps/compilers/gcc/7.3.0/lib/gcc/x86_64-pc-linux-gnu/7.3.0/../../../../lib64] ==> dir [/apps/compilers/gcc/7.3.0/lib/gcc/x86_64-pc-linux-gnu/7.3.0/../../../../lib64]
    arg [-L/lib/../lib64] ==> dir [/lib/../lib64]
    arg [-L/usr/lib/../lib64] ==> dir [/usr/lib/../lib64]
    arg [-L/apps/compilers/gcc/7.3.0/lib/gcc/x86_64-pc-linux-gnu/7.3.0/../../..] ==> dir [/apps/compilers/gcc/7.3.0/lib/gcc/x86_64-pc-linux-gnu/7.3.0/../../..]
    arg [CMakeFiles/cmTC_eb130.dir/CMakeCXXCompilerABI.cpp.o] ==> ignore
    arg [-lstdc++] ==> lib [stdc++]
    arg [-lm] ==> lib [m]
    arg [-lgcc_s] ==> lib [gcc_s]
    arg [-lgcc] ==> lib [gcc]
    arg [-lc] ==> lib [c]
    arg [-lgcc_s] ==> lib [gcc_s]
    arg [-lgcc] ==> lib [gcc]
    arg [/apps/compilers/gcc/7.3.0/lib/gcc/x86_64-pc-linux-gnu/7.3.0/crtend.o] ==> obj [/apps/compilers/gcc/7.3.0/lib/gcc/x86_64-pc-linux-gnu/7.3.0/crtend.o]
    arg [/lib/../lib64/crtn.o] ==> obj [/lib/../lib64/crtn.o]
  collapse obj [/lib/../lib64/crt1.o] ==> [/lib64/crt1.o]
  collapse obj [/lib/../lib64/crti.o] ==> [/lib64/crti.o]
  collapse obj [/lib/../lib64/crtn.o] ==> [/lib64/crtn.o]
  collapse library dir [/apps/compilers/gcc/7.3.0/lib/gcc/x86_64-pc-linux-gnu/7.3.0] ==> [/apps/compilers/gcc/7.3.0/lib/gcc/x86_64-pc-linux-gnu/7.3.0]
  collapse library dir [/apps/compilers/gcc/7.3.0/lib/gcc/x86_64-pc-linux-gnu/7.3.0/../../../../lib64] ==> [/apps/compilers/gcc/7.3.0/lib64]
  collapse library dir [/lib/../lib64] ==> [/lib64]
  collapse library dir [/usr/lib/../lib64] ==> [/usr/lib64]
  collapse library dir [/apps/compilers/gcc/7.3.0/lib/gcc/x86_64-pc-linux-gnu/7.3.0/../../..] ==> [/apps/compilers/gcc/7.3.0/lib]
  implicit libs: [stdc++;m;gcc_s;gcc;c;gcc_s;gcc]
  implicit objs: [/lib64/crt1.o;/lib64/crti.o;/apps/compilers/gcc/7.3.0/lib/gcc/x86_64-pc-linux-gnu/7.3.0/crtbegin.o;/apps/compilers/gcc/7.3.0/lib/gcc/x86_64-pc-linux-gnu/7.3.0/crtend.o;/lib64/crtn.o]
  implicit dirs: [/apps/compilers/gcc/7.3.0/lib/gcc/x86_64-pc-linux-gnu/7.3.0;/apps/compilers/gcc/7.3.0/lib64;/lib64;/usr/lib64;/apps/compilers/gcc/7.3.0/lib]
  implicit fwks: []


